{"F:\\developSoft\\calculator\\src\\sample.js": {"path":"F:\\developSoft\\calculator\\src\\sample.js","statementMap":{"0":{"start":{"line":2,"column":4},"end":{"line":2,"column":17}},"1":{"start":{"line":6,"column":4},"end":{"line":6,"column":17}},"2":{"start":{"line":10,"column":14},"end":{"line":10,"column":23}},"3":{"start":{"line":13,"column":6},"end":{"line":13,"column":36}},"4":{"start":{"line":17,"column":6},"end":{"line":17,"column":34}},"5":{"start":{"line":21,"column":21},"end":{"line":21,"column":23}},"6":{"start":{"line":23,"column":6},"end":{"line":29,"column":7}},"7":{"start":{"line":24,"column":28},"end":{"line":24,"column":48}},"8":{"start":{"line":26,"column":8},"end":{"line":28,"column":9}},"9":{"start":{"line":27,"column":10},"end":{"line":27,"column":30}},"10":{"start":{"line":31,"column":6},"end":{"line":31,"column":20}},"11":{"start":{"line":35,"column":0},"end":{"line":35,"column":44}}},"fnMap":{"0":{"name":"sum","decl":{"start":{"line":1,"column":9},"end":{"line":1,"column":12}},"loc":{"start":{"line":1,"column":18},"end":{"line":3,"column":1}},"line":1},"1":{"name":"subtract","decl":{"start":{"line":5,"column":9},"end":{"line":5,"column":17}},"loc":{"start":{"line":5,"column":23},"end":{"line":7,"column":1}},"line":5},"2":{"name":"(anonymous_2)","decl":{"start":{"line":12,"column":4},"end":{"line":12,"column":5}},"loc":{"start":{"line":12,"column":25},"end":{"line":14,"column":5}},"line":12},"3":{"name":"(anonymous_3)","decl":{"start":{"line":16,"column":4},"end":{"line":16,"column":5}},"loc":{"start":{"line":16,"column":16},"end":{"line":18,"column":5}},"line":16},"4":{"name":"(anonymous_4)","decl":{"start":{"line":20,"column":4},"end":{"line":20,"column":5}},"loc":{"start":{"line":20,"column":29},"end":{"line":32,"column":5}},"line":20}},"branchMap":{"0":{"loc":{"start":{"line":26,"column":8},"end":{"line":28,"column":9}},"type":"if","locations":[{"start":{"line":26,"column":8},"end":{"line":28,"column":9}},{"start":{},"end":{}}],"line":26}},"s":{"0":1,"1":1,"2":1,"3":1,"4":0,"5":0,"6":0,"7":0,"8":0,"9":0,"10":0,"11":1},"f":{"0":1,"1":1,"2":1,"3":0,"4":0},"b":{"0":[0,0]},"_coverageSchema":"1a1c01bbd47fc00a2c39e90264f33305004495a9","hash":"8642d19608bd53852b78ccd83c34419a2290e34a"}
,"F:\\developSoft\\calculator\\src\\js\\calculation.js": {"path":"F:\\developSoft\\calculator\\src\\js\\calculation.js","statementMap":{"0":{"start":{"line":3,"column":6},"end":{"line":3,"column":66}},"1":{"start":{"line":4,"column":6},"end":{"line":4,"column":64}},"2":{"start":{"line":5,"column":6},"end":{"line":5,"column":18}},"3":{"start":{"line":9,"column":8},"end":{"line":9,"column":21}},"4":{"start":{"line":13,"column":6},"end":{"line":13,"column":30}},"5":{"start":{"line":14,"column":6},"end":{"line":14,"column":31}},"6":{"start":{"line":15,"column":6},"end":{"line":15,"column":32}},"7":{"start":{"line":19,"column":6},"end":{"line":19,"column":71}},"8":{"start":{"line":20,"column":6},"end":{"line":20,"column":15}},"9":{"start":{"line":24,"column":6},"end":{"line":24,"column":69}},"10":{"start":{"line":24,"column":63},"end":{"line":24,"column":69}},"11":{"start":{"line":25,"column":6},"end":{"line":25,"column":78}},"12":{"start":{"line":29,"column":6},"end":{"line":29,"column":44}},"13":{"start":{"line":29,"column":38},"end":{"line":29,"column":44}},"14":{"start":{"line":30,"column":6},"end":{"line":32,"column":7}},"15":{"start":{"line":31,"column":8},"end":{"line":31,"column":22}},"16":{"start":{"line":33,"column":6},"end":{"line":33,"column":32}},"17":{"start":{"line":34,"column":6},"end":{"line":34,"column":48}},"18":{"start":{"line":35,"column":6},"end":{"line":35,"column":30}},"19":{"start":{"line":40,"column":19},"end":{"line":40,"column":51}},"20":{"start":{"line":41,"column":22},"end":{"line":41,"column":53}},"21":{"start":{"line":42,"column":6},"end":{"line":42,"column":47}},"22":{"start":{"line":42,"column":41},"end":{"line":42,"column":47}},"23":{"start":{"line":43,"column":6},"end":{"line":58,"column":7}},"24":{"start":{"line":45,"column":10},"end":{"line":45,"column":38}},"25":{"start":{"line":46,"column":10},"end":{"line":46,"column":15}},"26":{"start":{"line":48,"column":10},"end":{"line":48,"column":38}},"27":{"start":{"line":49,"column":10},"end":{"line":49,"column":15}},"28":{"start":{"line":51,"column":10},"end":{"line":51,"column":38}},"29":{"start":{"line":52,"column":10},"end":{"line":52,"column":15}},"30":{"start":{"line":54,"column":10},"end":{"line":54,"column":38}},"31":{"start":{"line":55,"column":10},"end":{"line":55,"column":15}},"32":{"start":{"line":57,"column":10},"end":{"line":57,"column":16}},"33":{"start":{"line":59,"column":6},"end":{"line":59,"column":39}},"34":{"start":{"line":60,"column":6},"end":{"line":60,"column":32}},"35":{"start":{"line":61,"column":6},"end":{"line":61,"column":31}},"36":{"start":{"line":65,"column":27},"end":{"line":65,"column":44}},"37":{"start":{"line":66,"column":28},"end":{"line":66,"column":66}},"38":{"start":{"line":67,"column":28},"end":{"line":67,"column":54}},"39":{"start":{"line":69,"column":6},"end":{"line":73,"column":7}},"40":{"start":{"line":70,"column":8},"end":{"line":70,"column":27}},"41":{"start":{"line":72,"column":8},"end":{"line":72,"column":89}},"42":{"start":{"line":74,"column":6},"end":{"line":78,"column":7}},"43":{"start":{"line":75,"column":8},"end":{"line":75,"column":51}},"44":{"start":{"line":77,"column":8},"end":{"line":77,"column":29}},"45":{"start":{"line":82,"column":6},"end":{"line":83,"column":50}},"46":{"start":{"line":84,"column":6},"end":{"line":89,"column":7}},"47":{"start":{"line":85,"column":8},"end":{"line":86,"column":76}},"48":{"start":{"line":88,"column":8},"end":{"line":88,"column":54}},"49":{"start":{"line":93,"column":0},"end":{"line":93,"column":31}}},"fnMap":{"0":{"name":"(anonymous_0)","decl":{"start":{"line":2,"column":4},"end":{"line":2,"column":5}},"loc":{"start":{"line":2,"column":71},"end":{"line":6,"column":5}},"line":2},"1":{"name":"(anonymous_1)","decl":{"start":{"line":8,"column":4},"end":{"line":8,"column":5}},"loc":{"start":{"line":8,"column":17},"end":{"line":10,"column":5}},"line":8},"2":{"name":"(anonymous_2)","decl":{"start":{"line":12,"column":4},"end":{"line":12,"column":5}},"loc":{"start":{"line":12,"column":12},"end":{"line":16,"column":5}},"line":12},"3":{"name":"(anonymous_3)","decl":{"start":{"line":18,"column":4},"end":{"line":18,"column":5}},"loc":{"start":{"line":18,"column":13},"end":{"line":21,"column":5}},"line":18},"4":{"name":"(anonymous_4)","decl":{"start":{"line":23,"column":4},"end":{"line":23,"column":5}},"loc":{"start":{"line":23,"column":25},"end":{"line":26,"column":5}},"line":23},"5":{"name":"(anonymous_5)","decl":{"start":{"line":28,"column":4},"end":{"line":28,"column":5}},"loc":{"start":{"line":28,"column":31},"end":{"line":36,"column":5}},"line":28},"6":{"name":"(anonymous_6)","decl":{"start":{"line":38,"column":4},"end":{"line":38,"column":5}},"loc":{"start":{"line":38,"column":14},"end":{"line":62,"column":5}},"line":38},"7":{"name":"(anonymous_7)","decl":{"start":{"line":64,"column":4},"end":{"line":64,"column":5}},"loc":{"start":{"line":64,"column":29},"end":{"line":79,"column":5}},"line":64},"8":{"name":"(anonymous_8)","decl":{"start":{"line":81,"column":4},"end":{"line":81,"column":5}},"loc":{"start":{"line":81,"column":20},"end":{"line":90,"column":5}},"line":81}},"branchMap":{"0":{"loc":{"start":{"line":24,"column":6},"end":{"line":24,"column":69}},"type":"if","locations":[{"start":{"line":24,"column":6},"end":{"line":24,"column":69}},{"start":{},"end":{}}],"line":24},"1":{"loc":{"start":{"line":24,"column":10},"end":{"line":24,"column":61}},"type":"binary-expr","locations":[{"start":{"line":24,"column":10},"end":{"line":24,"column":24}},{"start":{"line":24,"column":28},"end":{"line":24,"column":61}}],"line":24},"2":{"loc":{"start":{"line":29,"column":6},"end":{"line":29,"column":44}},"type":"if","locations":[{"start":{"line":29,"column":6},"end":{"line":29,"column":44}},{"start":{},"end":{}}],"line":29},"3":{"loc":{"start":{"line":30,"column":6},"end":{"line":32,"column":7}},"type":"if","locations":[{"start":{"line":30,"column":6},"end":{"line":32,"column":7}},{"start":{},"end":{}}],"line":30},"4":{"loc":{"start":{"line":42,"column":6},"end":{"line":42,"column":47}},"type":"if","locations":[{"start":{"line":42,"column":6},"end":{"line":42,"column":47}},{"start":{},"end":{}}],"line":42},"5":{"loc":{"start":{"line":42,"column":10},"end":{"line":42,"column":39}},"type":"binary-expr","locations":[{"start":{"line":42,"column":10},"end":{"line":42,"column":21}},{"start":{"line":42,"column":25},"end":{"line":42,"column":39}}],"line":42},"6":{"loc":{"start":{"line":43,"column":6},"end":{"line":58,"column":7}},"type":"switch","locations":[{"start":{"line":44,"column":8},"end":{"line":46,"column":15}},{"start":{"line":47,"column":8},"end":{"line":49,"column":15}},{"start":{"line":50,"column":8},"end":{"line":52,"column":15}},{"start":{"line":53,"column":8},"end":{"line":55,"column":15}},{"start":{"line":56,"column":8},"end":{"line":57,"column":16}}],"line":43},"7":{"loc":{"start":{"line":69,"column":6},"end":{"line":73,"column":7}},"type":"if","locations":[{"start":{"line":69,"column":6},"end":{"line":73,"column":7}},{"start":{"line":71,"column":13},"end":{"line":73,"column":7}}],"line":69},"8":{"loc":{"start":{"line":74,"column":6},"end":{"line":78,"column":7}},"type":"if","locations":[{"start":{"line":74,"column":6},"end":{"line":78,"column":7}},{"start":{"line":76,"column":13},"end":{"line":78,"column":7}}],"line":74},"9":{"loc":{"start":{"line":84,"column":6},"end":{"line":89,"column":7}},"type":"if","locations":[{"start":{"line":84,"column":6},"end":{"line":89,"column":7}},{"start":{"line":87,"column":13},"end":{"line":89,"column":7}}],"line":84}},"s":{"0":1,"1":1,"2":1,"3":1,"4":1,"5":1,"6":1,"7":1,"8":1,"9":0,"10":0,"11":0,"12":0,"13":0,"14":0,"15":0,"16":0,"17":0,"18":0,"19":0,"20":0,"21":0,"22":0,"23":0,"24":0,"25":0,"26":0,"27":0,"28":0,"29":0,"30":0,"31":0,"32":0,"33":0,"34":0,"35":0,"36":0,"37":0,"38":0,"39":0,"40":0,"41":0,"42":0,"43":0,"44":0,"45":0,"46":0,"47":0,"48":0,"49":1},"f":{"0":1,"1":1,"2":1,"3":1,"4":0,"5":0,"6":0,"7":0,"8":0},"b":{"0":[0,0],"1":[0,0],"2":[0,0],"3":[0,0],"4":[0,0],"5":[0,0],"6":[0,0,0,0,0],"7":[0,0],"8":[0,0],"9":[0,0]},"_coverageSchema":"1a1c01bbd47fc00a2c39e90264f33305004495a9","hash":"5fec05fdb6bed0ec0af3dc3ef5d614b048da701f"}
}
